<?xml version="1.0" encoding="UTF-8"?>
<!-- Generated by org.testng.reporters.JUnitXMLReporter -->
<testsuite ignored="0" hostname="AnuragsLaptop" failures="1" tests="1" name="Test" time="5.773" errors="0" timestamp="2024-02-10T20:31:09 IST">
  <testcase classname="testCases.TC_003_VerifyTooltip" name="tool_tip" time="0.03">
    <failure type="java.lang.NullPointerException" message="Cannot invoke &amp;quot;org.openqa.selenium.JavascriptExecutor.executeScript(String, Object[])&amp;quot; because &amp;quot;js&amp;quot; is null">
      <![CDATA[java.lang.NullPointerException: Cannot invoke "org.openqa.selenium.JavascriptExecutor.executeScript(String, Object[])" because "js" is null
at pageObjects.beCognizant.scrollToSeeAll(beCognizant.java:53)
at testCases.TC_003_VerifyTooltip.tool_tip(TC_003_VerifyTooltip.java:17)
at java.base/java.util.ArrayList.forEach(ArrayList.java:1511)
... Removed 25 stack frames]]>
    </failure>
  </testcase> <!-- tool_tip -->
</testsuite> <!-- Test -->
